The contents of fo:block line 1 exceed the available area in the inline-progression direction by 2774 millipoints. (See position 25:55420)
The contents of fo:block line 1 exceed the available area in the inline-progression direction by 2034 millipoints. (See position 25:56242)
The contents of fo:block line 1 exceed the available area in the inline-progression direction by 2774 millipoints. (See position 25:57084)
Page 33: Unresolved ID reference "mvdvdr" found.
1 link target could not be fully resolved and now point to the top of the page or is dysfunctional.
PDF isn't valid PDF/UA-1:
ValidationResult [flavour=ua1, totalAssertions=534853, assertions=[
TestAssertion [ruleId=RuleId [specification=ISO 14289-1:2014, clause=7.18.5, testNumber=1], status=failed,
message=Links shall be tagged according to ISO 32000-1:2008, 14.8.4.4.2, Link Element,
location=Location [level=CosDocument, context=root/document[0]/pages[38](2501 0 obj PDPage)/annots[1](2425 0 obj PDLinkAnnot)], locationContext=null, errorMessage=null], 
TestAssertion [ruleId=RuleId [specification=ISO 14289-1:2014, clause=7.18.5, testNumber=2], status=failed,
message=Links shall contain an alternate description via their Contents key as described in ISO 32000-1:2008, 14.9.3,
location=Location [level=CosDocument, context=root/document[0]/pages[38](2501 0 obj PDPage)/annots[1](2425 0 obj PDLinkAnnot)], locationContext=null, errorMessage=null], 
TestAssertion [ruleId=RuleId [specification=ISO 14289-1:2014, clause=7.18.1, testNumber=2], status=failed,
message=An annotation (except Widget annotations or hidden annotations, or those having rectangle outside the crop-box) shall have either Contents key or an Alt entry in the enclosing structure element,
location=Location [level=CosDocument, context=root/document[0]/pages[38](2501 0 obj PDPage)/annots[1](2425 0 obj PDLinkAnnot)], locationContext=null, errorMessage=null], 
TestAssertion [ruleId=RuleId [specification=ISO 14289-1:2014, clause=7.18.5, testNumber=1], status=failed,
message=Links shall be tagged according to ISO 32000-1:2008, 14.8.4.4.2, Link Element,
location=Location [level=CosDocument, context=root/document[0]/pages[38](2501 0 obj PDPage)/annots[3](2428 0 obj PDLinkAnnot)], locationContext=null, errorMessage=null], 
TestAssertion [ruleId=RuleId [specification=ISO 14289-1:2014, clause=7.18.5, testNumber=2], status=failed,
message=Links shall contain an alternate description via their Contents key as described in ISO 32000-1:2008, 14.9.3,
location=Location [level=CosDocument, context=root/document[0]/pages[38](2501 0 obj PDPage)/annots[3](2428 0 obj PDLinkAnnot)], locationContext=null, errorMessage=null], 
TestAssertion [ruleId=RuleId [specification=ISO 14289-1:2014, clause=7.18.1, testNumber=2], status=failed,
message=An annotation (except Widget annotations or hidden annotations, or those having rectangle outside the crop-box) shall have either Contents key or an Alt entry in the enclosing structure element,
location=Location [level=CosDocument, context=root/document[0]/pages[38](2501 0 obj PDPage)/annots[3](2428 0 obj PDLinkAnnot)], locationContext=null, errorMessage=null], 
TestAssertion [ruleId=RuleId [specification=ISO 14289-1:2014, clause=7.2, testNumber=27], status=failed,
message=TOC element may contain only TOC, TOCI and Caption elements,
location=Location [level=CosDocument, context=root/document[0]/StructTreeRoot[0](4149 0 obj PDStructTreeRoot)/K[0](4151 0 obj SEDocument Document)/K[1](4164 0 obj SEPart Part)/K[0](646 0 obj SESect Sect)/K[1](4199 0 obj SETOC TOC)], locationContext=null, errorMessage=null], 
TestAssertion [ruleId=RuleId [specification=ISO 14289-1:2014, clause=7.2, testNumber=26], status=failed,
message=TOCI element should be contained in TOC element,
location=Location [level=CosDocument, context=root/document[0]/StructTreeRoot[0](4149 0 obj PDStructTreeRoot)/K[0](4151 0 obj SEDocument Document)/K[1](4164 0 obj SEPart Part)/K[0](646 0 obj SESect Sect)/K[1](4199 0 obj SETOC TOC)/K[1](4210 0 obj SEP P)/K[0](4212 0 obj SETOCI TOCI)], locationContext=null, errorMessage=null], 
TestAssertion [ruleId=RuleId [specification=ISO 14289-1:2014, clause=7.2, testNumber=26], status=failed,
message=TOCI element should be contained in TOC element,
location=Location [level=CosDocument, context=root/document[0]/StructTreeRoot[0](4149 0 obj PDStructTreeRoot)/K[0](4151 0 obj SEDocument Document)/K[1](4164 0 obj SEPart Part)/K[0](646 0 obj SESect Sect)/K[1](4199 0 obj SETOC TOC)/K[1](4210 0 obj SEP P)/K[1](4213 0 obj SETOCI TOCI)], locationContext=null, errorMessage=null], 
TestAssertion [ruleId=RuleId [specification=ISO 14289-1:2014, clause=7.2, testNumber=26], status=failed,
message=TOCI element should be contained in TOC element,
location=Location [level=CosDocument, context=root/document[0]/StructTreeRoot[0](4149 0 obj PDStructTreeRoot)/K[0](4151 0 obj SEDocument Document)/K[1](4164 0 obj SEPart Part)/K[0](646 0 obj SESect Sect)/K[1](4199 0 obj SETOC TOC)/K[1](4210 0 obj SEP P)/K[2](4214 0 obj SETOCI TOCI)], locationContext=null, errorMessage=null], 
TestAssertion [ruleId=RuleId [specification=ISO 14289-1:2014, clause=7.2, testNumber=26], status=failed,
message=TOCI element should be contained in TOC element,
location=Location [level=CosDocument, context=root/document[0]/StructTreeRoot[0](4149 0 obj PDStructTreeRoot)/K[0](4151 0 obj SEDocument Document)/K[1](4164 0 obj SEPart Part)/K[0](646 0 obj SESect Sect)/K[1](4199 0 obj SETOC TOC)/K[1](4210 0 obj SEP P)/K[3](4215 0 obj SETOCI TOCI)], locationContext=null, errorMessage=null], 
TestAssertion [ruleId=RuleId [specification=ISO 14289-1:2014, clause=7.2, testNumber=26], status=failed,
message=TOCI element should be contained in TOC element,
location=Location [level=CosDocument, context=root/document[0]/StructTreeRoot[0](4149 0 obj PDStructTreeRoot)/K[0](4151 0 obj SEDocument Document)/K[1](4164 0 obj SEPart Part)/K[0](646 0 obj SESect Sect)/K[1](4199 0 obj SETOC TOC)/K[1](4210 0 obj SEP P)/K[4](4216 0 obj SETOCI TOCI)], locationContext=null, errorMessage=null], 
TestAssertion [ruleId=RuleId [specification=ISO 14289-1:2014, clause=7.2, testNumber=26], status=failed,
message=TOCI element should be contained in TOC element,
location=Location [level=CosDocument, context=root/document[0]/StructTreeRoot[0](4149 0 obj PDStructTreeRoot)/K[0](4151 0 obj SEDocument Document)/K[1](4164 0 obj SEPart Part)/K[0](646 0 obj SESect Sect)/K[1](4199 0 obj SETOC TOC)/K[1](4210 0 obj SEP P)/K[5](4217 0 obj SETOCI TOCI)], locationContext=null, errorMessage=null], 
TestAssertion [ruleId=RuleId [specification=ISO 14289-1:2014, clause=7.2, testNumber=26], status=failed,
message=TOCI element should be contained in TOC element,
location=Location [level=CosDocument, context=root/document[0]/StructTreeRoot[0](4149 0 obj PDStructTreeRoot)/K[0](4151 0 obj SEDocument Document)/K[1](4164 0 obj SEPart Part)/K[0](646 0 obj SESect Sect)/K[1](4199 0 obj SETOC TOC)/K[1](4210 0 obj SEP P)/K[6](4218 0 obj SETOCI TOCI)], locationContext=null, errorMessage=null], 
TestAssertion [ruleId=RuleId [specification=ISO 14289-1:2014, clause=7.2, testNumber=26], status=failed,
message=TOCI element should be contained in TOC element,
location=Location [level=CosDocument, context=root/document[0]/StructTreeRoot[0](4149 0 obj PDStructTreeRoot)/K[0](4151 0 obj SEDocument Document)/K[1](4164 0 obj SEPart Part)/K[0](646 0 obj SESect Sect)/K[1](4199 0 obj SETOC TOC)/K[1](4210 0 obj SEP P)/K[7](4219 0 obj SETOCI TOCI)], locationContext=null, errorMessage=null], 
TestAssertion [ruleId=RuleId [specification=ISO 14289-1:2014, clause=7.2, testNumber=26], status=failed,
message=TOCI element should be contained in TOC element,
location=Location [level=CosDocument, context=root/document[0]/StructTreeRoot[0](4149 0 obj PDStructTreeRoot)/K[0](4151 0 obj SEDocument Document)/K[1](4164 0 obj SEPart Part)/K[0](646 0 obj SESect Sect)/K[1](4199 0 obj SETOC TOC)/K[1](4210 0 obj SEP P)/K[8](4220 0 obj SETOCI TOCI)], locationContext=null, errorMessage=null], 
TestAssertion [ruleId=RuleId [specification=ISO 14289-1:2014, clause=7.2, testNumber=26], status=failed,
message=TOCI element should be contained in TOC element,
location=Location [level=CosDocument, context=root/document[0]/StructTreeRoot[0](4149 0 obj PDStructTreeRoot)/K[0](4151 0 obj SEDocument Document)/K[1](4164 0 obj SEPart Part)/K[0](646 0 obj SESect Sect)/K[1](4199 0 obj SETOC TOC)/K[1](4210 0 obj SEP P)/K[9](4221 0 obj SETOCI TOCI)], locationContext=null, errorMessage=null], 
TestAssertion [ruleId=RuleId [specification=ISO 14289-1:2014, clause=7.2, testNumber=26], status=failed,
message=TOCI element should be contained in TOC element,
location=Location [level=CosDocument, context=root/document[0]/StructTreeRoot[0](4149 0 obj PDStructTreeRoot)/K[0](4151 0 obj SEDocument Document)/K[1](4164 0 obj SEPart Part)/K[0](646 0 obj SESect Sect)/K[1](4199 0 obj SETOC TOC)/K[1](4210 0 obj SEP P)/K[10](4222 0 obj SETOCI TOCI)], locationContext=null, errorMessage=null], 
TestAssertion [ruleId=RuleId [specification=ISO 14289-1:2014, clause=7.2, testNumber=26], status=failed,
message=TOCI element should be contained in TOC element,
location=Location [level=CosDocument, context=root/document[0]/StructTreeRoot[0](4149 0 obj PDStructTreeRoot)/K[0](4151 0 obj SEDocument Document)/K[1](4164 0 obj SEPart Part)/K[0](646 0 obj SESect Sect)/K[1](4199 0 obj SETOC TOC)/K[1](4210 0 obj SEP P)/K[11](4223 0 obj SETOCI TOCI)], locationContext=null, errorMessage=null], 
TestAssertion [ruleId=RuleId [specification=ISO 14289-1:2014, clause=7.2, testNumber=26], status=failed,
message=TOCI element should be contained in TOC element,
location=Location [level=CosDocument, context=root/document[0]/StructTreeRoot[0](4149 0 obj PDStructTreeRoot)/K[0](4151 0 obj SEDocument Document)/K[1](4164 0 obj SEPart Part)/K[0](646 0 obj SESect Sect)/K[1](4199 0 obj SETOC TOC)/K[1](4210 0 obj SEP P)/K[12](4224 0 obj SETOCI TOCI)], locationContext=null, errorMessage=null], 
TestAssertion [ruleId=RuleId [specification=ISO 14289-1:2014, clause=7.2, testNumber=26], status=failed,
message=TOCI element should be contained in TOC element,
location=Location [level=CosDocument, context=root/document[0]/StructTreeRoot[0](4149 0 obj PDStructTreeRoot)/K[0](4151 0 obj SEDocument Document)/K[1](4164 0 obj SEPart Part)/K[0](646 0 obj SESect Sect)/K[1](4199 0 obj SETOC TOC)/K[1](4210 0 obj SEP P)/K[13](4225 0 obj SETOCI TOCI)], locationContext=null, errorMessage=null], 
TestAssertion [ruleId=RuleId [specification=ISO 14289-1:2014, clause=7.2, testNumber=26], status=failed,
message=TOCI element should be contained in TOC element,
location=Location [level=CosDocument, context=root/document[0]/StructTreeRoot[0](4149 0 obj PDStructTreeRoot)/K[0](4151 0 obj SEDocument Document)/K[1](4164 0 obj SEPart Part)/K[0](646 0 obj SESect Sect)/K[1](4199 0 obj SETOC TOC)/K[1](4210 0 obj SEP P)/K[14](4226 0 obj SETOCI TOCI)], locationContext=null, errorMessage=null], 
TestAssertion [ruleId=RuleId [specification=ISO 14289-1:2014, clause=7.2, testNumber=26], status=failed,
message=TOCI element should be contained in TOC element,
location=Location [level=CosDocument, context=root/document[0]/StructTreeRoot[0](4149 0 obj PDStructTreeRoot)/K[0](4151 0 obj SEDocument Document)/K[1](4164 0 obj SEPart Part)/K[0](646 0 obj SESect Sect)/K[1](4199 0 obj SETOC TOC)/K[1](4210 0 obj SEP P)/K[15](4227 0 obj SETOCI TOCI)], locationContext=null, errorMessage=null], 
TestAssertion [ruleId=RuleId [specification=ISO 14289-1:2014, clause=7.2, testNumber=26], status=failed,
message=TOCI element should be contained in TOC element,
location=Location [level=CosDocument, context=root/document[0]/StructTreeRoot[0](4149 0 obj PDStructTreeRoot)/K[0](4151 0 obj SEDocument Document)/K[1](4164 0 obj SEPart Part)/K[0](646 0 obj SESect Sect)/K[1](4199 0 obj SETOC TOC)/K[1](4210 0 obj SEP P)/K[16](4228 0 obj SETOCI TOCI)], locationContext=null, errorMessage=null], 
TestAssertion [ruleId=RuleId [specification=ISO 14289-1:2014, clause=7.2, testNumber=26], status=failed,
message=TOCI element should be contained in TOC element,
location=Location [level=CosDocument, context=root/document[0]/StructTreeRoot[0](4149 0 obj PDStructTreeRoot)/K[0](4151 0 obj SEDocument Document)/K[1](4164 0 obj SEPart Part)/K[0](646 0 obj SESect Sect)/K[1](4199 0 obj SETOC TOC)/K[1](4210 0 obj SEP P)/K[17](4229 0 obj SETOCI TOCI)], locationContext=null, errorMessage=null], 
TestAssertion [ruleId=RuleId [specification=ISO 14289-1:2014, clause=7.2, testNumber=26], status=failed,
message=TOCI element should be contained in TOC element,
location=Location [level=CosDocument, context=root/document[0]/StructTreeRoot[0](4149 0 obj PDStructTreeRoot)/K[0](4151 0 obj SEDocument Document)/K[1](4164 0 obj SEPart Part)/K[0](646 0 obj SESect Sect)/K[1](4199 0 obj SETOC TOC)/K[1](4210 0 obj SEP P)/K[18](4230 0 obj SETOCI TOCI)], locationContext=null, errorMessage=null], 
TestAssertion [ruleId=RuleId [specification=ISO 14289-1:2014, clause=7.2, testNumber=26], status=failed,
message=TOCI element should be contained in TOC element,
location=Location [level=CosDocument, context=root/document[0]/StructTreeRoot[0](4149 0 obj PDStructTreeRoot)/K[0](4151 0 obj SEDocument Document)/K[1](4164 0 obj SEPart Part)/K[0](646 0 obj SESect Sect)/K[1](4199 0 obj SETOC TOC)/K[1](4210 0 obj SEP P)/K[19](4231 0 obj SETOCI TOCI)], locationContext=null, errorMessage=null], 
TestAssertion [ruleId=RuleId [specification=ISO 14289-1:2014, clause=7.2, testNumber=26], status=failed,
message=TOCI element should be contained in TOC element,
location=Location [level=CosDocument, context=root/document[0]/StructTreeRoot[0](4149 0 obj PDStructTreeRoot)/K[0](4151 0 obj SEDocument Document)/K[1](4164 0 obj SEPart Part)/K[0](646 0 obj SESect Sect)/K[1](4199 0 obj SETOC TOC)/K[1](4210 0 obj SEP P)/K[20](4232 0 obj SETOCI TOCI)], locationContext=null, errorMessage=null], 
TestAssertion [ruleId=RuleId [specification=ISO 14289-1:2014, clause=7.2, testNumber=26], status=failed,
message=TOCI element should be contained in TOC element,
location=Location [level=CosDocument, context=root/document[0]/StructTreeRoot[0](4149 0 obj PDStructTreeRoot)/K[0](4151 0 obj SEDocument Document)/K[1](4164 0 obj SEPart Part)/K[0](646 0 obj SESect Sect)/K[1](4199 0 obj SETOC TOC)/K[1](4210 0 obj SEP P)/K[21](4233 0 obj SETOCI TOCI)], locationContext=null, errorMessage=null], 
TestAssertion [ruleId=RuleId [specification=ISO 14289-1:2014, clause=7.2, testNumber=26], status=failed,
message=TOCI element should be contained in TOC element,
location=Location [level=CosDocument, context=root/document[0]/StructTreeRoot[0](4149 0 obj PDStructTreeRoot)/K[0](4151 0 obj SEDocument Document)/K[1](4164 0 obj SEPart Part)/K[0](646 0 obj SESect Sect)/K[1](4199 0 obj SETOC TOC)/K[1](4210 0 obj SEP P)/K[22](4234 0 obj SETOCI TOCI)], locationContext=null, errorMessage=null], 
TestAssertion [ruleId=RuleId [specification=ISO 14289-1:2014, clause=7.2, testNumber=26], status=failed,
message=TOCI element should be contained in TOC element,
location=Location [level=CosDocument, context=root/document[0]/StructTreeRoot[0](4149 0 obj PDStructTreeRoot)/K[0](4151 0 obj SEDocument Document)/K[1](4164 0 obj SEPart Part)/K[0](646 0 obj SESect Sect)/K[1](4199 0 obj SETOC TOC)/K[1](4210 0 obj SEP P)/K[23](4235 0 obj SETOCI TOCI)], locationContext=null, errorMessage=null], 
TestAssertion [ruleId=RuleId [specification=ISO 14289-1:2014, clause=7.2, testNumber=26], status=failed,
message=TOCI element should be contained in TOC element,
location=Location [level=CosDocument, context=root/document[0]/StructTreeRoot[0](4149 0 obj PDStructTreeRoot)/K[0](4151 0 obj SEDocument Document)/K[1](4164 0 obj SEPart Part)/K[0](646 0 obj SESect Sect)/K[1](4199 0 obj SETOC TOC)/K[1](4210 0 obj SEP P)/K[24](4236 0 obj SETOCI TOCI)], locationContext=null, errorMessage=null], 
TestAssertion [ruleId=RuleId [specification=ISO 14289-1:2014, clause=7.2, testNumber=26], status=failed,
message=TOCI element should be contained in TOC element,
location=Location [level=CosDocument, context=root/document[0]/StructTreeRoot[0](4149 0 obj PDStructTreeRoot)/K[0](4151 0 obj SEDocument Document)/K[1](4164 0 obj SEPart Part)/K[0](646 0 obj SESect Sect)/K[1](4199 0 obj SETOC TOC)/K[1](4210 0 obj SEP P)/K[25](4237 0 obj SETOCI TOCI)], locationContext=null, errorMessage=null], 
TestAssertion [ruleId=RuleId [specification=ISO 14289-1:2014, clause=7.2, testNumber=26], status=failed,
message=TOCI element should be contained in TOC element,
location=Location [level=CosDocument, context=root/document[0]/StructTreeRoot[0](4149 0 obj PDStructTreeRoot)/K[0](4151 0 obj SEDocument Document)/K[1](4164 0 obj SEPart Part)/K[0](646 0 obj SESect Sect)/K[1](4199 0 obj SETOC TOC)/K[1](4210 0 obj SEP P)/K[26](4238 0 obj SETOCI TOCI)], locationContext=null, errorMessage=null], 
TestAssertion [ruleId=RuleId [specification=ISO 14289-1:2014, clause=7.2, testNumber=26], status=failed,
message=TOCI element should be contained in TOC element,
location=Location [level=CosDocument, context=root/document[0]/StructTreeRoot[0](4149 0 obj PDStructTreeRoot)/K[0](4151 0 obj SEDocument Document)/K[1](4164 0 obj SEPart Part)/K[0](646 0 obj SESect Sect)/K[1](4199 0 obj SETOC TOC)/K[1](4210 0 obj SEP P)/K[27](4239 0 obj SETOCI TOCI)], locationContext=null, errorMessage=null], 
TestAssertion [ruleId=RuleId [specification=ISO 14289-1:2014, clause=7.2, testNumber=26], status=failed,
message=TOCI element should be contained in TOC element,
location=Location [level=CosDocument, context=root/document[0]/StructTreeRoot[0](4149 0 obj PDStructTreeRoot)/K[0](4151 0 obj SEDocument Document)/K[1](4164 0 obj SEPart Part)/K[0](646 0 obj SESect Sect)/K[1](4199 0 obj SETOC TOC)/K[1](4210 0 obj SEP P)/K[28](4240 0 obj SETOCI TOCI)], locationContext=null, errorMessage=null], 
TestAssertion [ruleId=RuleId [specification=ISO 14289-1:2014, clause=7.2, testNumber=26], status=failed,
message=TOCI element should be contained in TOC element,
location=Location [level=CosDocument, context=root/document[0]/StructTreeRoot[0](4149 0 obj PDStructTreeRoot)/K[0](4151 0 obj SEDocument Document)/K[1](4164 0 obj SEPart Part)/K[0](646 0 obj SESect Sect)/K[1](4199 0 obj SETOC TOC)/K[1](4210 0 obj SEP P)/K[29](4241 0 obj SETOCI TOCI)], locationContext=null, errorMessage=null], 
TestAssertion [ruleId=RuleId [specification=ISO 14289-1:2014, clause=7.2, testNumber=26], status=failed,
message=TOCI element should be contained in TOC element,
location=Location [level=CosDocument, context=root/document[0]/StructTreeRoot[0](4149 0 obj PDStructTreeRoot)/K[0](4151 0 obj SEDocument Document)/K[1](4164 0 obj SEPart Part)/K[0](646 0 obj SESect Sect)/K[1](4199 0 obj SETOC TOC)/K[1](4210 0 obj SEP P)/K[30](4242 0 obj SETOCI TOCI)], locationContext=null, errorMessage=null], 
TestAssertion [ruleId=RuleId [specification=ISO 14289-1:2014, clause=7.2, testNumber=26], status=failed,
message=TOCI element should be contained in TOC element,
location=Location [level=CosDocument, context=root/document[0]/StructTreeRoot[0](4149 0 obj PDStructTreeRoot)/K[0](4151 0 obj SEDocument Document)/K[1](4164 0 obj SEPart Part)/K[0](646 0 obj SESect Sect)/K[1](4199 0 obj SETOC TOC)/K[1](4210 0 obj SEP P)/K[31](4243 0 obj SETOCI TOCI)], locationContext=null, errorMessage=null], 
TestAssertion [ruleId=RuleId [specification=ISO 14289-1:2014, clause=7.2, testNumber=26], status=failed,
message=TOCI element should be contained in TOC element,
location=Location [level=CosDocument, context=root/document[0]/StructTreeRoot[0](4149 0 obj PDStructTreeRoot)/K[0](4151 0 obj SEDocument Document)/K[1](4164 0 obj SEPart Part)/K[0](646 0 obj SESect Sect)/K[1](4199 0 obj SETOC TOC)/K[1](4210 0 obj SEP P)/K[32](4244 0 obj SETOCI TOCI)], locationContext=null, errorMessage=null], 
TestAssertion [ruleId=RuleId [specification=ISO 14289-1:2014, clause=7.2, testNumber=26], status=failed,
message=TOCI element should be contained in TOC element,
location=Location [level=CosDocument, context=root/document[0]/StructTreeRoot[0](4149 0 obj PDStructTreeRoot)/K[0](4151 0 obj SEDocument Document)/K[1](4164 0 obj SEPart Part)/K[0](646 0 obj SESect Sect)/K[1](4199 0 obj SETOC TOC)/K[1](4210 0 obj SEP P)/K[33](4245 0 obj SETOCI TOCI)], locationContext=null, errorMessage=null], 
TestAssertion [ruleId=RuleId [specification=ISO 14289-1:2014, clause=7.2, testNumber=26], status=failed,
message=TOCI element should be contained in TOC element,
location=Location [level=CosDocument, context=root/document[0]/StructTreeRoot[0](4149 0 obj PDStructTreeRoot)/K[0](4151 0 obj SEDocument Document)/K[1](4164 0 obj SEPart Part)/K[0](646 0 obj SESect Sect)/K[1](4199 0 obj SETOC TOC)/K[1](4210 0 obj SEP P)/K[34](4246 0 obj SETOCI TOCI)], locationContext=null, errorMessage=null], 
TestAssertion [ruleId=RuleId [specification=ISO 14289-1:2014, clause=7.2, testNumber=26], status=failed,
message=TOCI element should be contained in TOC element,
location=Location [level=CosDocument, context=root/document[0]/StructTreeRoot[0](4149 0 obj PDStructTreeRoot)/K[0](4151 0 obj SEDocument Document)/K[1](4164 0 obj SEPart Part)/K[0](646 0 obj SESect Sect)/K[1](4199 0 obj SETOC TOC)/K[1](4210 0 obj SEP P)/K[35](4247 0 obj SETOCI TOCI)], locationContext=null, errorMessage=null], 
TestAssertion [ruleId=RuleId [specification=ISO 14289-1:2014, clause=7.2, testNumber=26], status=failed,
message=TOCI element should be contained in TOC element,
location=Location [level=CosDocument, context=root/document[0]/StructTreeRoot[0](4149 0 obj PDStructTreeRoot)/K[0](4151 0 obj SEDocument Document)/K[1](4164 0 obj SEPart Part)/K[0](646 0 obj SESect Sect)/K[1](4199 0 obj SETOC TOC)/K[1](4210 0 obj SEP P)/K[36](4248 0 obj SETOCI TOCI)], locationContext=null, errorMessage=null], 
TestAssertion [ruleId=RuleId [specification=ISO 14289-1:2014, clause=7.2, testNumber=26], status=failed,
message=TOCI element should be contained in TOC element,
location=Location [level=CosDocument, context=root/document[0]/StructTreeRoot[0](4149 0 obj PDStructTreeRoot)/K[0](4151 0 obj SEDocument Document)/K[1](4164 0 obj SEPart Part)/K[0](646 0 obj SESect Sect)/K[1](4199 0 obj SETOC TOC)/K[1](4210 0 obj SEP P)/K[37](4249 0 obj SETOCI TOCI)], locationContext=null, errorMessage=null], 
TestAssertion [ruleId=RuleId [specification=ISO 14289-1:2014, clause=7.2, testNumber=26], status=failed,
message=TOCI element should be contained in TOC element,
location=Location [level=CosDocument, context=root/document[0]/StructTreeRoot[0](4149 0 obj PDStructTreeRoot)/K[0](4151 0 obj SEDocument Document)/K[1](4164 0 obj SEPart Part)/K[0](646 0 obj SESect Sect)/K[1](4199 0 obj SETOC TOC)/K[1](4210 0 obj SEP P)/K[38](4250 0 obj SETOCI TOCI)], locationContext=null, errorMessage=null], 
TestAssertion [ruleId=RuleId [specification=ISO 14289-1:2014, clause=7.2, testNumber=26], status=failed,
message=TOCI element should be contained in TOC element,
location=Location [level=CosDocument, context=root/document[0]/StructTreeRoot[0](4149 0 obj PDStructTreeRoot)/K[0](4151 0 obj SEDocument Document)/K[1](4164 0 obj SEPart Part)/K[0](646 0 obj SESect Sect)/K[1](4199 0 obj SETOC TOC)/K[1](4210 0 obj SEP P)/K[39](4251 0 obj SETOCI TOCI)], locationContext=null, errorMessage=null], 
TestAssertion [ruleId=RuleId [specification=ISO 14289-1:2014, clause=7.2, testNumber=26], status=failed,
message=TOCI element should be contained in TOC element,
location=Location [level=CosDocument, context=root/document[0]/StructTreeRoot[0](4149 0 obj PDStructTreeRoot)/K[0](4151 0 obj SEDocument Document)/K[1](4164 0 obj SEPart Part)/K[0](646 0 obj SESect Sect)/K[1](4199 0 obj SETOC TOC)/K[1](4210 0 obj SEP P)/K[40](4252 0 obj SETOCI TOCI)], locationContext=null, errorMessage=null], 
TestAssertion [ruleId=RuleId [specification=ISO 14289-1:2014, clause=7.2, testNumber=26], status=failed,
message=TOCI element should be contained in TOC element,
location=Location [level=CosDocument, context=root/document[0]/StructTreeRoot[0](4149 0 obj PDStructTreeRoot)/K[0](4151 0 obj SEDocument Document)/K[1](4164 0 obj SEPart Part)/K[0](646 0 obj SESect Sect)/K[1](4199 0 obj SETOC TOC)/K[1](4210 0 obj SEP P)/K[41](4253 0 obj SETOCI TOCI)], locationContext=null, errorMessage=null], 
TestAssertion [ruleId=RuleId [specification=ISO 14289-1:2014, clause=7.2, testNumber=26], status=failed,
message=TOCI element should be contained in TOC element,
location=Location [level=CosDocument, context=root/document[0]/StructTreeRoot[0](4149 0 obj PDStructTreeRoot)/K[0](4151 0 obj SEDocument Document)/K[1](4164 0 obj SEPart Part)/K[0](646 0 obj SESect Sect)/K[1](4199 0 obj SETOC TOC)/K[1](4210 0 obj SEP P)/K[42](4254 0 obj SETOCI TOCI)], locationContext=null, errorMessage=null], 
TestAssertion [ruleId=RuleId [specification=ISO 14289-1:2014, clause=7.2, testNumber=26], status=failed,
message=TOCI element should be contained in TOC element,
location=Location [level=CosDocument, context=root/document[0]/StructTreeRoot[0](4149 0 obj PDStructTreeRoot)/K[0](4151 0 obj SEDocument Document)/K[1](4164 0 obj SEPart Part)/K[0](646 0 obj SESect Sect)/K[1](4199 0 obj SETOC TOC)/K[1](4210 0 obj SEP P)/K[43](4255 0 obj SETOCI TOCI)], locationContext=null, errorMessage=null], 
TestAssertion [ruleId=RuleId [specification=ISO 14289-1:2014, clause=7.2, testNumber=26], status=failed,
message=TOCI element should be contained in TOC element,
location=Location [level=CosDocument, context=root/document[0]/StructTreeRoot[0](4149 0 obj PDStructTreeRoot)/K[0](4151 0 obj SEDocument Document)/K[1](4164 0 obj SEPart Part)/K[0](646 0 obj SESect Sect)/K[1](4199 0 obj SETOC TOC)/K[1](4210 0 obj SEP P)/K[44](4256 0 obj SETOCI TOCI)], locationContext=null, errorMessage=null], 
TestAssertion [ruleId=RuleId [specification=ISO 14289-1:2014, clause=7.2, testNumber=26], status=failed,
message=TOCI element should be contained in TOC element,
location=Location [level=CosDocument, context=root/document[0]/StructTreeRoot[0](4149 0 obj PDStructTreeRoot)/K[0](4151 0 obj SEDocument Document)/K[1](4164 0 obj SEPart Part)/K[0](646 0 obj SESect Sect)/K[1](4199 0 obj SETOC TOC)/K[1](4210 0 obj SEP P)/K[45](4257 0 obj SETOCI TOCI)], locationContext=null, errorMessage=null], 
TestAssertion [ruleId=RuleId [specification=ISO 14289-1:2014, clause=7.2, testNumber=26], status=failed,
message=TOCI element should be contained in TOC element,
location=Location [level=CosDocument, context=root/document[0]/StructTreeRoot[0](4149 0 obj PDStructTreeRoot)/K[0](4151 0 obj SEDocument Document)/K[1](4164 0 obj SEPart Part)/K[0](646 0 obj SESect Sect)/K[1](4199 0 obj SETOC TOC)/K[1](4210 0 obj SEP P)/K[46](4258 0 obj SETOCI TOCI)], locationContext=null, errorMessage=null], 
TestAssertion [ruleId=RuleId [specification=ISO 14289-1:2014, clause=7.2, testNumber=26], status=failed,
message=TOCI element should be contained in TOC element,
location=Location [level=CosDocument, context=root/document[0]/StructTreeRoot[0](4149 0 obj PDStructTreeRoot)/K[0](4151 0 obj SEDocument Document)/K[1](4164 0 obj SEPart Part)/K[0](646 0 obj SESect Sect)/K[1](4199 0 obj SETOC TOC)/K[1](4210 0 obj SEP P)/K[47](4259 0 obj SETOCI TOCI)], locationContext=null, errorMessage=null], 
TestAssertion [ruleId=RuleId [specification=ISO 14289-1:2014, clause=7.2, testNumber=26], status=failed,
message=TOCI element should be contained in TOC element,
location=Location [level=CosDocument, context=root/document[0]/StructTreeRoot[0](4149 0 obj PDStructTreeRoot)/K[0](4151 0 obj SEDocument Document)/K[1](4164 0 obj SEPart Part)/K[0](646 0 obj SESect Sect)/K[1](4199 0 obj SETOC TOC)/K[1](4210 0 obj SEP P)/K[48](4260 0 obj SETOCI TOCI)], locationContext=null, errorMessage=null], 
TestAssertion [ruleId=RuleId [specification=ISO 14289-1:2014, clause=7.2, testNumber=26], status=failed,
message=TOCI element should be contained in TOC element,
location=Location [level=CosDocument, context=root/document[0]/StructTreeRoot[0](4149 0 obj PDStructTreeRoot)/K[0](4151 0 obj SEDocument Document)/K[1](4164 0 obj SEPart Part)/K[0](646 0 obj SESect Sect)/K[1](4199 0 obj SETOC TOC)/K[1](4210 0 obj SEP P)/K[49](4261 0 obj SETOCI TOCI)], locationContext=null, errorMessage=null], 
TestAssertion [ruleId=RuleId [specification=ISO 14289-1:2014, clause=7.2, testNumber=26], status=failed,
message=TOCI element should be contained in TOC element,
location=Location [level=CosDocument, context=root/document[0]/StructTreeRoot[0](4149 0 obj PDStructTreeRoot)/K[0](4151 0 obj SEDocument Document)/K[1](4164 0 obj SEPart Part)/K[0](646 0 obj SESect Sect)/K[1](4199 0 obj SETOC TOC)/K[1](4210 0 obj SEP P)/K[50](4262 0 obj SETOCI TOCI)], locationContext=null, errorMessage=null], 
TestAssertion [ruleId=RuleId [specification=ISO 14289-1:2014, clause=7.2, testNumber=26], status=failed,
message=TOCI element should be contained in TOC element,
location=Location [level=CosDocument, context=root/document[0]/StructTreeRoot[0](4149 0 obj PDStructTreeRoot)/K[0](4151 0 obj SEDocument Document)/K[1](4164 0 obj SEPart Part)/K[0](646 0 obj SESect Sect)/K[1](4199 0 obj SETOC TOC)/K[1](4210 0 obj SEP P)/K[51](4263 0 obj SETOCI TOCI)], locationContext=null, errorMessage=null], 
TestAssertion [ruleId=RuleId [specification=ISO 14289-1:2014, clause=7.2, testNumber=26], status=failed,
message=TOCI element should be contained in TOC element,
location=Location [level=CosDocument, context=root/document[0]/StructTreeRoot[0](4149 0 obj PDStructTreeRoot)/K[0](4151 0 obj SEDocument Document)/K[1](4164 0 obj SEPart Part)/K[0](646 0 obj SESect Sect)/K[1](4199 0 obj SETOC TOC)/K[1](4210 0 obj SEP P)/K[52](4264 0 obj SETOCI TOCI)], locationContext=null, errorMessage=null], 
TestAssertion [ruleId=RuleId [specification=ISO 14289-1:2014, clause=7.2, testNumber=26], status=failed,
message=TOCI element should be contained in TOC element,
location=Location [level=CosDocument, context=root/document[0]/StructTreeRoot[0](4149 0 obj PDStructTreeRoot)/K[0](4151 0 obj SEDocument Document)/K[1](4164 0 obj SEPart Part)/K[0](646 0 obj SESect Sect)/K[1](4199 0 obj SETOC TOC)/K[1](4210 0 obj SEP P)/K[53](4265 0 obj SETOCI TOCI)], locationContext=null, errorMessage=null], 
TestAssertion [ruleId=RuleId [specification=ISO 14289-1:2014, clause=7.2, testNumber=26], status=failed,
message=TOCI element should be contained in TOC element,
location=Location [level=CosDocument, context=root/document[0]/StructTreeRoot[0](4149 0 obj PDStructTreeRoot)/K[0](4151 0 obj SEDocument Document)/K[1](4164 0 obj SEPart Part)/K[0](646 0 obj SESect Sect)/K[1](4199 0 obj SETOC TOC)/K[1](4210 0 obj SEP P)/K[54](4266 0 obj SETOCI TOCI)], locationContext=null, errorMessage=null], 
TestAssertion [ruleId=RuleId [specification=ISO 14289-1:2014, clause=7.2, testNumber=26], status=failed,
message=TOCI element should be contained in TOC element,
location=Location [level=CosDocument, context=root/document[0]/StructTreeRoot[0](4149 0 obj PDStructTreeRoot)/K[0](4151 0 obj SEDocument Document)/K[1](4164 0 obj SEPart Part)/K[0](646 0 obj SESect Sect)/K[1](4199 0 obj SETOC TOC)/K[1](4210 0 obj SEP P)/K[55](4267 0 obj SETOCI TOCI)], locationContext=null, errorMessage=null], 
TestAssertion [ruleId=RuleId [specification=ISO 14289-1:2014, clause=7.2, testNumber=26], status=failed,
message=TOCI element should be contained in TOC element,
location=Location [level=CosDocument, context=root/document[0]/StructTreeRoot[0](4149 0 obj PDStructTreeRoot)/K[0](4151 0 obj SEDocument Document)/K[1](4164 0 obj SEPart Part)/K[0](646 0 obj SESect Sect)/K[1](4199 0 obj SETOC TOC)/K[1](4210 0 obj SEP P)/K[56](4268 0 obj SETOCI TOCI)], locationContext=null, errorMessage=null], 
TestAssertion [ruleId=RuleId [specification=ISO 14289-1:2014, clause=7.2, testNumber=26], status=failed,
message=TOCI element should be contained in TOC element,
location=Location [level=CosDocument, context=root/document[0]/StructTreeRoot[0](4149 0 obj PDStructTreeRoot)/K[0](4151 0 obj SEDocument Document)/K[1](4164 0 obj SEPart Part)/K[0](646 0 obj SESect Sect)/K[1](4199 0 obj SETOC TOC)/K[1](4210 0 obj SEP P)/K[57](4269 0 obj SETOCI TOCI)], locationContext=null, errorMessage=null], 
TestAssertion [ruleId=RuleId [specification=ISO 14289-1:2014, clause=7.2, testNumber=26], status=failed,
message=TOCI element should be contained in TOC element,
location=Location [level=CosDocument, context=root/document[0]/StructTreeRoot[0](4149 0 obj PDStructTreeRoot)/K[0](4151 0 obj SEDocument Document)/K[1](4164 0 obj SEPart Part)/K[0](646 0 obj SESect Sect)/K[1](4199 0 obj SETOC TOC)/K[1](4210 0 obj SEP P)/K[58](4270 0 obj SETOCI TOCI)], locationContext=null, errorMessage=null], 
TestAssertion [ruleId=RuleId [specification=ISO 14289-1:2014, clause=7.2, testNumber=26], status=failed,
message=TOCI element should be contained in TOC element,
location=Location [level=CosDocument, context=root/document[0]/StructTreeRoot[0](4149 0 obj PDStructTreeRoot)/K[0](4151 0 obj SEDocument Document)/K[1](4164 0 obj SEPart Part)/K[0](646 0 obj SESect Sect)/K[1](4199 0 obj SETOC TOC)/K[1](4210 0 obj SEP P)/K[59](4271 0 obj SETOCI TOCI)], locationContext=null, errorMessage=null], 
TestAssertion [ruleId=RuleId [specification=ISO 14289-1:2014, clause=7.2, testNumber=26], status=failed,
message=TOCI element should be contained in TOC element,
location=Location [level=CosDocument, context=root/document[0]/StructTreeRoot[0](4149 0 obj PDStructTreeRoot)/K[0](4151 0 obj SEDocument Document)/K[1](4164 0 obj SEPart Part)/K[0](646 0 obj SESect Sect)/K[1](4199 0 obj SETOC TOC)/K[1](4210 0 obj SEP P)/K[60](4272 0 obj SETOCI TOCI)], locationContext=null, errorMessage=null], 
TestAssertion [ruleId=RuleId [specification=ISO 14289-1:2014, clause=7.2, testNumber=26], status=failed,
message=TOCI element should be contained in TOC element,
location=Location [level=CosDocument, context=root/document[0]/StructTreeRoot[0](4149 0 obj PDStructTreeRoot)/K[0](4151 0 obj SEDocument Document)/K[1](4164 0 obj SEPart Part)/K[0](646 0 obj SESect Sect)/K[1](4199 0 obj SETOC TOC)/K[1](4210 0 obj SEP P)/K[61](4273 0 obj SETOCI TOCI)], locationContext=null, errorMessage=null], 
TestAssertion [ruleId=RuleId [specification=ISO 14289-1:2014, clause=7.2, testNumber=26], status=failed,
message=TOCI element should be contained in TOC element,
location=Location [level=CosDocument, context=root/document[0]/StructTreeRoot[0](4149 0 obj PDStructTreeRoot)/K[0](4151 0 obj SEDocument Document)/K[1](4164 0 obj SEPart Part)/K[0](646 0 obj SESect Sect)/K[1](4199 0 obj SETOC TOC)/K[1](4210 0 obj SEP P)/K[62](4274 0 obj SETOCI TOCI)], locationContext=null, errorMessage=null], 
TestAssertion [ruleId=RuleId [specification=ISO 14289-1:2014, clause=7.2, testNumber=26], status=failed,
message=TOCI element should be contained in TOC element,
location=Location [level=CosDocument, context=root/document[0]/StructTreeRoot[0](4149 0 obj PDStructTreeRoot)/K[0](4151 0 obj SEDocument Document)/K[1](4164 0 obj SEPart Part)/K[0](646 0 obj SESect Sect)/K[1](4199 0 obj SETOC TOC)/K[1](4210 0 obj SEP P)/K[63](4275 0 obj SETOCI TOCI)], locationContext=null, errorMessage=null], 
TestAssertion [ruleId=RuleId [specification=ISO 14289-1:2014, clause=7.2, testNumber=26], status=failed,
message=TOCI element should be contained in TOC element,
location=Location [level=CosDocument, context=root/document[0]/StructTreeRoot[0](4149 0 obj PDStructTreeRoot)/K[0](4151 0 obj SEDocument Document)/K[1](4164 0 obj SEPart Part)/K[0](646 0 obj SESect Sect)/K[1](4199 0 obj SETOC TOC)/K[1](4210 0 obj SEP P)/K[64](4276 0 obj SETOCI TOCI)], locationContext=null, errorMessage=null], 
TestAssertion [ruleId=RuleId [specification=ISO 14289-1:2014, clause=7.2, testNumber=26], status=failed,
message=TOCI element should be contained in TOC element,
location=Location [level=CosDocument, context=root/document[0]/StructTreeRoot[0](4149 0 obj PDStructTreeRoot)/K[0](4151 0 obj SEDocument Document)/K[1](4164 0 obj SEPart Part)/K[0](646 0 obj SESect Sect)/K[1](4199 0 obj SETOC TOC)/K[1](4210 0 obj SEP P)/K[65](4277 0 obj SETOCI TOCI)], locationContext=null, errorMessage=null], 
TestAssertion [ruleId=RuleId [specification=ISO 14289-1:2014, clause=7.2, testNumber=26], status=failed,
message=TOCI element should be contained in TOC element,
location=Location [level=CosDocument, context=root/document[0]/StructTreeRoot[0](4149 0 obj PDStructTreeRoot)/K[0](4151 0 obj SEDocument Document)/K[1](4164 0 obj SEPart Part)/K[0](646 0 obj SESect Sect)/K[1](4199 0 obj SETOC TOC)/K[1](4210 0 obj SEP P)/K[66](4278 0 obj SETOCI TOCI)], locationContext=null, errorMessage=null], 
TestAssertion [ruleId=RuleId [specification=ISO 14289-1:2014, clause=7.2, testNumber=26], status=failed,
message=TOCI element should be contained in TOC element,
location=Location [level=CosDocument, context=root/document[0]/StructTreeRoot[0](4149 0 obj PDStructTreeRoot)/K[0](4151 0 obj SEDocument Document)/K[1](4164 0 obj SEPart Part)/K[0](646 0 obj SESect Sect)/K[1](4199 0 obj SETOC TOC)/K[1](4210 0 obj SEP P)/K[67](4279 0 obj SETOCI TOCI)], locationContext=null, errorMessage=null], 
TestAssertion [ruleId=RuleId [specification=ISO 14289-1:2014, clause=7.2, testNumber=26], status=failed,
message=TOCI element should be contained in TOC element,
location=Location [level=CosDocument, context=root/document[0]/StructTreeRoot[0](4149 0 obj PDStructTreeRoot)/K[0](4151 0 obj SEDocument Document)/K[1](4164 0 obj SEPart Part)/K[0](646 0 obj SESect Sect)/K[1](4199 0 obj SETOC TOC)/K[1](4210 0 obj SEP P)/K[68](4280 0 obj SETOCI TOCI)], locationContext=null, errorMessage=null], 
TestAssertion [ruleId=RuleId [specification=ISO 14289-1:2014, clause=7.2, testNumber=26], status=failed,
message=TOCI element should be contained in TOC element,
location=Location [level=CosDocument, context=root/document[0]/StructTreeRoot[0](4149 0 obj PDStructTreeRoot)/K[0](4151 0 obj SEDocument Document)/K[1](4164 0 obj SEPart Part)/K[0](646 0 obj SESect Sect)/K[1](4199 0 obj SETOC TOC)/K[1](4210 0 obj SEP P)/K[69](4281 0 obj SETOCI TOCI)], locationContext=null, errorMessage=null], 
TestAssertion [ruleId=RuleId [specification=ISO 14289-1:2014, clause=7.2, testNumber=26], status=failed,
message=TOCI element should be contained in TOC element,
location=Location [level=CosDocument, context=root/document[0]/StructTreeRoot[0](4149 0 obj PDStructTreeRoot)/K[0](4151 0 obj SEDocument Document)/K[1](4164 0 obj SEPart Part)/K[0](646 0 obj SESect Sect)/K[1](4199 0 obj SETOC TOC)/K[1](4210 0 obj SEP P)/K[70](4282 0 obj SETOCI TOCI)], locationContext=null, errorMessage=null], 
TestAssertion [ruleId=RuleId [specification=ISO 14289-1:2014, clause=7.2, testNumber=26], status=failed,
message=TOCI element should be contained in TOC element,
location=Location [level=CosDocument, context=root/document[0]/StructTreeRoot[0](4149 0 obj PDStructTreeRoot)/K[0](4151 0 obj SEDocument Document)/K[1](4164 0 obj SEPart Part)/K[0](646 0 obj SESect Sect)/K[1](4199 0 obj SETOC TOC)/K[1](4210 0 obj SEP P)/K[71](4283 0 obj SETOCI TOCI)], locationContext=null, errorMessage=null], 
TestAssertion [ruleId=RuleId [specification=ISO 14289-1:2014, clause=7.2, testNumber=26], status=failed,
message=TOCI element should be contained in TOC element,
location=Location [level=CosDocument, context=root/document[0]/StructTreeRoot[0](4149 0 obj PDStructTreeRoot)/K[0](4151 0 obj SEDocument Document)/K[1](4164 0 obj SEPart Part)/K[0](646 0 obj SESect Sect)/K[1](4199 0 obj SETOC TOC)/K[1](4210 0 obj SEP P)/K[72](4284 0 obj SETOCI TOCI)], locationContext=null, errorMessage=null], 
TestAssertion [ruleId=RuleId [specification=ISO 14289-1:2014, clause=7.2, testNumber=26], status=failed,
message=TOCI element should be contained in TOC element,
location=Location [level=CosDocument, context=root/document[0]/StructTreeRoot[0](4149 0 obj PDStructTreeRoot)/K[0](4151 0 obj SEDocument Document)/K[1](4164 0 obj SEPart Part)/K[0](646 0 obj SESect Sect)/K[1](4199 0 obj SETOC TOC)/K[1](4210 0 obj SEP P)/K[73](4285 0 obj SETOCI TOCI)], locationContext=null, errorMessage=null], 
TestAssertion [ruleId=RuleId [specification=ISO 14289-1:2014, clause=7.2, testNumber=26], status=failed,
message=TOCI element should be contained in TOC element,
location=Location [level=CosDocument, context=root/document[0]/StructTreeRoot[0](4149 0 obj PDStructTreeRoot)/K[0](4151 0 obj SEDocument Document)/K[1](4164 0 obj SEPart Part)/K[0](646 0 obj SESect Sect)/K[1](4199 0 obj SETOC TOC)/K[1](4210 0 obj SEP P)/K[74](4286 0 obj SETOCI TOCI)], locationContext=null, errorMessage=null], 
TestAssertion [ruleId=RuleId [specification=ISO 14289-1:2014, clause=7.2, testNumber=26], status=failed,
message=TOCI element should be contained in TOC element,
location=Location [level=CosDocument, context=root/document[0]/StructTreeRoot[0](4149 0 obj PDStructTreeRoot)/K[0](4151 0 obj SEDocument Document)/K[1](4164 0 obj SEPart Part)/K[0](646 0 obj SESect Sect)/K[1](4199 0 obj SETOC TOC)/K[1](4210 0 obj SEP P)/K[75](4287 0 obj SETOCI TOCI)], locationContext=null, errorMessage=null], 
TestAssertion [ruleId=RuleId [specification=ISO 14289-1:2014, clause=7.2, testNumber=26], status=failed,
message=TOCI element should be contained in TOC element,
location=Location [level=CosDocument, context=root/document[0]/StructTreeRoot[0](4149 0 obj PDStructTreeRoot)/K[0](4151 0 obj SEDocument Document)/K[1](4164 0 obj SEPart Part)/K[0](646 0 obj SESect Sect)/K[1](4199 0 obj SETOC TOC)/K[1](4210 0 obj SEP P)/K[76](4288 0 obj SETOCI TOCI)], locationContext=null, errorMessage=null], 
TestAssertion [ruleId=RuleId [specification=ISO 14289-1:2014, clause=7.2, testNumber=26], status=failed,
message=TOCI element should be contained in TOC element,
location=Location [level=CosDocument, context=root/document[0]/StructTreeRoot[0](4149 0 obj PDStructTreeRoot)/K[0](4151 0 obj SEDocument Document)/K[1](4164 0 obj SEPart Part)/K[0](646 0 obj SESect Sect)/K[1](4199 0 obj SETOC TOC)/K[1](4210 0 obj SEP P)/K[77](4289 0 obj SETOCI TOCI)], locationContext=null, errorMessage=null], 
TestAssertion [ruleId=RuleId [specification=ISO 14289-1:2014, clause=7.2, testNumber=26], status=failed,
message=TOCI element should be contained in TOC element,
location=Location [level=CosDocument, context=root/document[0]/StructTreeRoot[0](4149 0 obj PDStructTreeRoot)/K[0](4151 0 obj SEDocument Document)/K[1](4164 0 obj SEPart Part)/K[0](646 0 obj SESect Sect)/K[1](4199 0 obj SETOC TOC)/K[1](4210 0 obj SEP P)/K[78](4290 0 obj SETOCI TOCI)], locationContext=null, errorMessage=null], 
TestAssertion [ruleId=RuleId [specification=ISO 14289-1:2014, clause=7.2, testNumber=26], status=failed,
message=TOCI element should be contained in TOC element,
location=Location [level=CosDocument, context=root/document[0]/StructTreeRoot[0](4149 0 obj PDStructTreeRoot)/K[0](4151 0 obj SEDocument Document)/K[1](4164 0 obj SEPart Part)/K[0](646 0 obj SESect Sect)/K[1](4199 0 obj SETOC TOC)/K[1](4210 0 obj SEP P)/K[79](4291 0 obj SETOCI TOCI)], locationContext=null, errorMessage=null], 
TestAssertion [ruleId=RuleId [specification=ISO 14289-1:2014, clause=7.2, testNumber=26], status=failed,
message=TOCI element should be contained in TOC element,
location=Location [level=CosDocument, context=root/document[0]/StructTreeRoot[0](4149 0 obj PDStructTreeRoot)/K[0](4151 0 obj SEDocument Document)/K[1](4164 0 obj SEPart Part)/K[0](646 0 obj SESect Sect)/K[1](4199 0 obj SETOC TOC)/K[1](4210 0 obj SEP P)/K[80](4292 0 obj SETOCI TOCI)], locationContext=null, errorMessage=null], 
TestAssertion [ruleId=RuleId [specification=ISO 14289-1:2014, clause=7.2, testNumber=26], status=failed,
message=TOCI element should be contained in TOC element,
location=Location [level=CosDocument, context=root/document[0]/StructTreeRoot[0](4149 0 obj PDStructTreeRoot)/K[0](4151 0 obj SEDocument Document)/K[1](4164 0 obj SEPart Part)/K[0](646 0 obj SESect Sect)/K[1](4199 0 obj SETOC TOC)/K[1](4210 0 obj SEP P)/K[81](4293 0 obj SETOCI TOCI)], locationContext=null, errorMessage=null], 
TestAssertion [ruleId=RuleId [specification=ISO 14289-1:2014, clause=7.2, testNumber=26], status=failed,
message=TOCI element should be contained in TOC element,
location=Location [level=CosDocument, context=root/document[0]/StructTreeRoot[0](4149 0 obj PDStructTreeRoot)/K[0](4151 0 obj SEDocument Document)/K[1](4164 0 obj SEPart Part)/K[0](646 0 obj SESect Sect)/K[1](4199 0 obj SETOC TOC)/K[1](4210 0 obj SEP P)/K[82](4294 0 obj SETOCI TOCI)], locationContext=null, errorMessage=null], 
TestAssertion [ruleId=RuleId [specification=ISO 14289-1:2014, clause=7.2, testNumber=26], status=failed,
message=TOCI element should be contained in TOC element,
location=Location [level=CosDocument, context=root/document[0]/StructTreeRoot[0](4149 0 obj PDStructTreeRoot)/K[0](4151 0 obj SEDocument Document)/K[1](4164 0 obj SEPart Part)/K[0](646 0 obj SESect Sect)/K[1](4199 0 obj SETOC TOC)/K[1](4210 0 obj SEP P)/K[83](4295 0 obj SETOCI TOCI)], locationContext=null, errorMessage=null], 
TestAssertion [ruleId=RuleId [specification=ISO 14289-1:2014, clause=7.2, testNumber=26], status=failed,
message=TOCI element should be contained in TOC element,
location=Location [level=CosDocument, context=root/document[0]/StructTreeRoot[0](4149 0 obj PDStructTreeRoot)/K[0](4151 0 obj SEDocument Document)/K[1](4164 0 obj SEPart Part)/K[0](646 0 obj SESect Sect)/K[1](4199 0 obj SETOC TOC)/K[1](4210 0 obj SEP P)/K[84](4296 0 obj SETOCI TOCI)], locationContext=null, errorMessage=null], 
TestAssertion [ruleId=RuleId [specification=ISO 14289-1:2014, clause=7.2, testNumber=26], status=failed,
message=TOCI element should be contained in TOC element,
location=Location [level=CosDocument, context=root/document[0]/StructTreeRoot[0](4149 0 obj PDStructTreeRoot)/K[0](4151 0 obj SEDocument Document)/K[1](4164 0 obj SEPart Part)/K[0](646 0 obj SESect Sect)/K[1](4199 0 obj SETOC TOC)/K[1](4210 0 obj SEP P)/K[85](4297 0 obj SETOCI TOCI)], locationContext=null, errorMessage=null], 
TestAssertion [ruleId=RuleId [specification=ISO 14289-1:2014, clause=7.2, testNumber=26], status=failed,
message=TOCI element should be contained in TOC element,
location=Location [level=CosDocument, context=root/document[0]/StructTreeRoot[0](4149 0 obj PDStructTreeRoot)/K[0](4151 0 obj SEDocument Document)/K[1](4164 0 obj SEPart Part)/K[0](646 0 obj SESect Sect)/K[1](4199 0 obj SETOC TOC)/K[1](4210 0 obj SEP P)/K[86](4298 0 obj SETOCI TOCI)], locationContext=null, errorMessage=null], 
TestAssertion [ruleId=RuleId [specification=ISO 14289-1:2014, clause=7.2, testNumber=26], status=failed,
message=TOCI element should be contained in TOC element,
location=Location [level=CosDocument, context=root/document[0]/StructTreeRoot[0](4149 0 obj PDStructTreeRoot)/K[0](4151 0 obj SEDocument Document)/K[1](4164 0 obj SEPart Part)/K[0](646 0 obj SESect Sect)/K[1](4199 0 obj SETOC TOC)/K[1](4210 0 obj SEP P)/K[87](4299 0 obj SETOCI TOCI)], locationContext=null, errorMessage=null], 
TestAssertion [ruleId=RuleId [specification=ISO 14289-1:2014, clause=7.2, testNumber=26], status=failed,
message=TOCI element should be contained in TOC element,
location=Location [level=CosDocument, context=root/document[0]/StructTreeRoot[0](4149 0 obj PDStructTreeRoot)/K[0](4151 0 obj SEDocument Document)/K[1](4164 0 obj SEPart Part)/K[0](646 0 obj SESect Sect)/K[1](4199 0 obj SETOC TOC)/K[1](4210 0 obj SEP P)/K[88](4300 0 obj SETOCI TOCI)], locationContext=null, errorMessage=null], 
TestAssertion [ruleId=RuleId [specification=ISO 14289-1:2014, clause=7.2, testNumber=26], status=failed,
message=TOCI element should be contained in TOC element,
location=Location [level=CosDocument, context=root/document[0]/StructTreeRoot[0](4149 0 obj PDStructTreeRoot)/K[0](4151 0 obj SEDocument Document)/K[1](4164 0 obj SEPart Part)/K[0](646 0 obj SESect Sect)/K[1](4199 0 obj SETOC TOC)/K[1](4210 0 obj SEP P)/K[89](4301 0 obj SETOCI TOCI)], locationContext=null, errorMessage=null], 
TestAssertion [ruleId=RuleId [specification=ISO 14289-1:2014, clause=7.2, testNumber=26], status=failed,
message=TOCI element should be contained in TOC element,
location=Location [level=CosDocument, context=root/document[0]/StructTreeRoot[0](4149 0 obj PDStructTreeRoot)/K[0](4151 0 obj SEDocument Document)/K[1](4164 0 obj SEPart Part)/K[0](646 0 obj SESect Sect)/K[1](4199 0 obj SETOC TOC)/K[1](4210 0 obj SEP P)/K[90](4302 0 obj SETOCI TOCI)], locationContext=null, errorMessage=null], 
TestAssertion [ruleId=RuleId [specification=ISO 14289-1:2014, clause=7.2, testNumber=26], status=failed,
message=TOCI element should be contained in TOC element,
location=Location [level=CosDocument, context=root/document[0]/StructTreeRoot[0](4149 0 obj PDStructTreeRoot)/K[0](4151 0 obj SEDocument Document)/K[1](4164 0 obj SEPart Part)/K[0](646 0 obj SESect Sect)/K[1](4199 0 obj SETOC TOC)/K[1](4210 0 obj SEP P)/K[91](4303 0 obj SETOCI TOCI)], locationContext=null, errorMessage=null], 
TestAssertion [ruleId=RuleId [specification=ISO 14289-1:2014, clause=7.2, testNumber=26], status=failed,
message=TOCI element should be contained in TOC element,
location=Location [level=CosDocument, context=root/document[0]/StructTreeRoot[0](4149 0 obj PDStructTreeRoot)/K[0](4151 0 obj SEDocument Document)/K[1](4164 0 obj SEPart Part)/K[0](646 0 obj SESect Sect)/K[1](4199 0 obj SETOC TOC)/K[1](4210 0 obj SEP P)/K[92](4304 0 obj SETOCI TOCI)], locationContext=null, errorMessage=null], 
TestAssertion [ruleId=RuleId [specification=ISO 14289-1:2014, clause=7.2, testNumber=26], status=failed,
message=TOCI element should be contained in TOC element,
location=Location [level=CosDocument, context=root/document[0]/StructTreeRoot[0](4149 0 obj PDStructTreeRoot)/K[0](4151 0 obj SEDocument Document)/K[1](4164 0 obj SEPart Part)/K[0](646 0 obj SESect Sect)/K[1](4199 0 obj SETOC TOC)/K[1](4210 0 obj SEP P)/K[93](4305 0 obj SETOCI TOCI)], locationContext=null, errorMessage=null], 
TestAssertion [ruleId=RuleId [specification=ISO 14289-1:2014, clause=7.2, testNumber=26], status=failed,
message=TOCI element should be contained in TOC element,
location=Location [level=CosDocument, context=root/document[0]/StructTreeRoot[0](4149 0 obj PDStructTreeRoot)/K[0](4151 0 obj SEDocument Document)/K[1](4164 0 obj SEPart Part)/K[0](646 0 obj SESect Sect)/K[1](4199 0 obj SETOC TOC)/K[1](4210 0 obj SEP P)/K[94](4306 0 obj SETOCI TOCI)], locationContext=null, errorMessage=null], 
TestAssertion [ruleId=RuleId [specification=ISO 14289-1:2014, clause=7.2, testNumber=26], status=failed,
message=TOCI element should be contained in TOC element,
location=Location [level=CosDocument, context=root/document[0]/StructTreeRoot[0](4149 0 obj PDStructTreeRoot)/K[0](4151 0 obj SEDocument Document)/K[1](4164 0 obj SEPart Part)/K[0](646 0 obj SESect Sect)/K[1](4199 0 obj SETOC TOC)/K[1](4210 0 obj SEP P)/K[95](4307 0 obj SETOCI TOCI)], locationContext=null, errorMessage=null], 
TestAssertion [ruleId=RuleId [specification=ISO 14289-1:2014, clause=7.2, testNumber=26], status=failed,
message=TOCI element should be contained in TOC element,
location=Location [level=CosDocument, context=root/document[0]/StructTreeRoot[0](4149 0 obj PDStructTreeRoot)/K[0](4151 0 obj SEDocument Document)/K[1](4164 0 obj SEPart Part)/K[0](646 0 obj SESect Sect)/K[1](4199 0 obj SETOC TOC)/K[1](4210 0 obj SEP P)/K[96](4308 0 obj SETOCI TOCI)], locationContext=null, errorMessage=null], 
TestAssertion [ruleId=RuleId [specification=ISO 14289-1:2014, clause=7.2, testNumber=26], status=failed,
message=TOCI element should be contained in TOC element,
location=Location [level=CosDocument, context=root/document[0]/StructTreeRoot[0](4149 0 obj PDStructTreeRoot)/K[0](4151 0 obj SEDocument Document)/K[1](4164 0 obj SEPart Part)/K[0](646 0 obj SESect Sect)/K[1](4199 0 obj SETOC TOC)/K[1](4210 0 obj SEP P)/K[97](4309 0 obj SETOCI TOCI)], locationContext=null, errorMessage=null], 
TestAssertion [ruleId=RuleId [specification=ISO 14289-1:2014, clause=7.2, testNumber=26], status=failed,
message=TOCI element should be contained in TOC element,
location=Location [level=CosDocument, context=root/document[0]/StructTreeRoot[0](4149 0 obj PDStructTreeRoot)/K[0](4151 0 obj SEDocument Document)/K[1](4164 0 obj SEPart Part)/K[0](646 0 obj SESect Sect)/K[1](4199 0 obj SETOC TOC)/K[1](4210 0 obj SEP P)/K[98](4310 0 obj SETOCI TOCI)], locationContext=null, errorMessage=null], 
TestAssertion [ruleId=RuleId [specification=ISO 14289-1:2014, clause=7.2, testNumber=26], status=failed,
message=TOCI element should be contained in TOC element,
location=Location [level=CosDocument, context=root/document[0]/StructTreeRoot[0](4149 0 obj PDStructTreeRoot)/K[0](4151 0 obj SEDocument Document)/K[1](4164 0 obj SEPart Part)/K[0](646 0 obj SESect Sect)/K[1](4199 0 obj SETOC TOC)/K[1](4210 0 obj SEP P)/K[99](4311 0 obj SETOCI TOCI)], locationContext=null, errorMessage=null]], isCompliant=false]
